INFO [2019-12-11 16:03:11] $x
INFO [2019-12-11 16:03:11] list(nonenglish_mentions, protected_mentions)
INFO [2019-12-11 16:03:11] 
INFO [2019-12-11 16:03:11] $category.names
INFO [2019-12-11 16:03:11] c("Non-English", "Brand-Protected")
INFO [2019-12-11 16:03:11] 
INFO [2019-12-11 16:03:11] $filename
INFO [2019-12-11 16:03:11] [1] "~/git/business_innovation/src/dnair/images/comp_noneng_brand_mentions.png"
INFO [2019-12-11 16:03:11] 
INFO [2019-12-11 16:03:11] $output
INFO [2019-12-11 16:03:11] [1] TRUE
INFO [2019-12-11 16:03:11] 
INFO [2019-12-11 16:03:11] $imagetype
INFO [2019-12-11 16:03:11] [1] "png"
INFO [2019-12-11 16:03:11] 
INFO [2019-12-11 16:03:11] $height
INFO [2019-12-11 16:03:11] [1] 480
INFO [2019-12-11 16:03:11] 
INFO [2019-12-11 16:03:11] $width
INFO [2019-12-11 16:03:11] [1] 480
INFO [2019-12-11 16:03:11] 
INFO [2019-12-11 16:03:11] $resolution
INFO [2019-12-11 16:03:11] [1] 300
INFO [2019-12-11 16:03:11] 
INFO [2019-12-11 16:03:11] $compression
INFO [2019-12-11 16:03:11] [1] "lzw"
INFO [2019-12-11 16:03:11] 
INFO [2019-12-11 16:03:11] $lwd
INFO [2019-12-11 16:03:11] [1] 2
INFO [2019-12-11 16:03:11] 
INFO [2019-12-11 16:03:11] $lty
INFO [2019-12-11 16:03:11] [1] "blank"
INFO [2019-12-11 16:03:11] 
INFO [2019-12-11 16:03:11] $fill
INFO [2019-12-11 16:03:11] myCol[c(1, 3)]
INFO [2019-12-11 16:03:11] 
INFO [2019-12-11 16:03:11] $cex
INFO [2019-12-11 16:03:11] [1] 0.4
INFO [2019-12-11 16:03:11] 
INFO [2019-12-11 16:03:11] $fontface
INFO [2019-12-11 16:03:11] [1] "bold"
INFO [2019-12-11 16:03:11] 
INFO [2019-12-11 16:03:11] $fontfamily
INFO [2019-12-11 16:03:11] [1] "sans"
INFO [2019-12-11 16:03:11] 
INFO [2019-12-11 16:03:11] $cat.cex
INFO [2019-12-11 16:03:11] [1] 0.5
INFO [2019-12-11 16:03:11] 
INFO [2019-12-11 16:03:11] $cat.fontface
INFO [2019-12-11 16:03:11] [1] "bold"
INFO [2019-12-11 16:03:11] 
INFO [2019-12-11 16:03:11] $cat.default.pos
INFO [2019-12-11 16:03:11] [1] "outer"
INFO [2019-12-11 16:03:11] 
INFO [2019-12-11 16:03:11] $cat.pos
INFO [2019-12-11 16:03:11] c(-27, 180)
INFO [2019-12-11 16:03:11] 
INFO [2019-12-11 16:03:11] $cat.dist
INFO [2019-12-11 16:03:11] c(0.055, 0.055)
INFO [2019-12-11 16:03:11] 
INFO [2019-12-11 16:03:11] $cat.fontfamily
INFO [2019-12-11 16:03:11] [1] "sans"
INFO [2019-12-11 16:03:11] 
