INFO [2019-12-11 15:40:50] $x
INFO [2019-12-11 15:40:50] list(nonenglish_tokens, protected_tokens)
INFO [2019-12-11 15:40:50] 
INFO [2019-12-11 15:40:50] $category.names
INFO [2019-12-11 15:40:50] c("Non-English", "Brand-Protected")
INFO [2019-12-11 15:40:50] 
INFO [2019-12-11 15:40:50] $filename
INFO [2019-12-11 15:40:50] [1] "~/git/business_innovation/src/dnair/images/comp_noneng_brand_tokens.png"
INFO [2019-12-11 15:40:50] 
INFO [2019-12-11 15:40:50] $output
INFO [2019-12-11 15:40:50] [1] TRUE
INFO [2019-12-11 15:40:50] 
INFO [2019-12-11 15:40:50] $imagetype
INFO [2019-12-11 15:40:50] [1] "png"
INFO [2019-12-11 15:40:50] 
INFO [2019-12-11 15:40:50] $height
INFO [2019-12-11 15:40:50] [1] 480
INFO [2019-12-11 15:40:50] 
INFO [2019-12-11 15:40:50] $width
INFO [2019-12-11 15:40:50] [1] 480
INFO [2019-12-11 15:40:50] 
INFO [2019-12-11 15:40:50] $resolution
INFO [2019-12-11 15:40:50] [1] 300
INFO [2019-12-11 15:40:50] 
INFO [2019-12-11 15:40:50] $compression
INFO [2019-12-11 15:40:50] [1] "lzw"
INFO [2019-12-11 15:40:50] 
INFO [2019-12-11 15:40:50] $lwd
INFO [2019-12-11 15:40:50] [1] 2
INFO [2019-12-11 15:40:50] 
INFO [2019-12-11 15:40:50] $lty
INFO [2019-12-11 15:40:50] [1] "blank"
INFO [2019-12-11 15:40:50] 
INFO [2019-12-11 15:40:50] $fill
INFO [2019-12-11 15:40:50] myCol[c(1, 3)]
INFO [2019-12-11 15:40:50] 
INFO [2019-12-11 15:40:50] $cex
INFO [2019-12-11 15:40:50] [1] 0.4
INFO [2019-12-11 15:40:50] 
INFO [2019-12-11 15:40:50] $fontface
INFO [2019-12-11 15:40:50] [1] "bold"
INFO [2019-12-11 15:40:50] 
INFO [2019-12-11 15:40:50] $fontfamily
INFO [2019-12-11 15:40:50] [1] "sans"
INFO [2019-12-11 15:40:50] 
INFO [2019-12-11 15:40:50] $cat.cex
INFO [2019-12-11 15:40:50] [1] 0.5
INFO [2019-12-11 15:40:50] 
INFO [2019-12-11 15:40:50] $cat.fontface
INFO [2019-12-11 15:40:50] [1] "bold"
INFO [2019-12-11 15:40:50] 
INFO [2019-12-11 15:40:50] $cat.default.pos
INFO [2019-12-11 15:40:50] [1] "outer"
INFO [2019-12-11 15:40:50] 
INFO [2019-12-11 15:40:50] $cat.pos
INFO [2019-12-11 15:40:50] c(-27, 180)
INFO [2019-12-11 15:40:50] 
INFO [2019-12-11 15:40:50] $cat.dist
INFO [2019-12-11 15:40:50] c(0.055, 0.055)
INFO [2019-12-11 15:40:50] 
INFO [2019-12-11 15:40:50] $cat.fontfamily
INFO [2019-12-11 15:40:50] [1] "sans"
INFO [2019-12-11 15:40:50] 
